[2024-04-07 20:20:54.300] [info] Using configuration file config
[2024-04-07 20:20:54.302] [info] Unable to receive desktop appearance: GDBus.Error:org.freedesktop.DBus.Error.UnknownMethod: No such interface “org.freedesktop.portal.Settings” on object at path /org/freedesktop/portal/desktop
[2024-04-07 20:20:54.302] [info] Using CSS file style.css

(waybar:5124): Gtk-WARNING **: 20:20:54.302: Theme parsing error: style.css:29:11: Not using units is deprecated. Assuming 'px'.

(waybar:5124): Gtk-WARNING **: 20:20:54.302: Theme parsing error: style.css:30:17: Not using units is deprecated. Assuming 'px'.

(waybar:5124): Gtk-WARNING **: 20:20:54.302: Theme parsing error: style.css:31:18: Not using units is deprecated. Assuming 'px'.
[2024-04-07 20:20:54.306] [warning] Mapping is not an object
[2024-04-07 20:20:54.315] [error] media stopped unexpectedly, is it endless?
[2024-04-07 20:20:54.315] [warning] module backlight: Disabling module "backlight", No backlight found
[2024-04-07 20:20:54.315] [warning] Can't open /dev/input/event0 (are you in the input group?): EACCES Permission denied
[2024-04-07 20:20:54.315] [warning] Can't open /dev/input/event1 (are you in the input group?): EACCES Permission denied
[2024-04-07 20:20:54.315] [warning] Can't open /dev/input/event2 (are you in the input group?): EACCES Permission denied
[2024-04-07 20:20:54.315] [warning] Can't open /dev/input/event3 (are you in the input group?): EACCES Permission denied
[2024-04-07 20:20:54.315] [warning] Can't open /dev/input/event4 (are you in the input group?): EACCES Permission denied
[2024-04-07 20:20:54.315] [warning] Can't open /dev/input/event5 (are you in the input group?): EACCES Permission denied
[2024-04-07 20:20:54.315] [warning] Can't open /dev/input/event6 (are you in the input group?): EACCES Permission denied
[2024-04-07 20:20:54.315] [warning] Can't open /dev/input/event7 (are you in the input group?): EACCES Permission denied
[2024-04-07 20:20:54.315] [warning] Can't open /dev/input/event8 (are you in the input group?): EACCES Permission denied
[2024-04-07 20:20:54.315] [warning] Can't open /dev/input/event9 (are you in the input group?): EACCES Permission denied
[2024-04-07 20:20:54.315] [warning] Can't open /dev/input/event10 (are you in the input group?): EACCES Permission denied
[2024-04-07 20:20:54.315] [warning] Can't open /dev/input/event11 (are you in the input group?): EACCES Permission denied
[2024-04-07 20:20:54.315] [warning] Can't open /dev/input/mice (are you in the input group?): EACCES Permission denied
[2024-04-07 20:20:54.315] [warning] Can't open /dev/input/mouse0 (are you in the input group?): EACCES Permission denied
[2024-04-07 20:20:54.315] [warning] Can't open /dev/input/mouse1 (are you in the input group?): EACCES Permission denied
[2024-04-07 20:20:54.315] [warning] Can't open /dev/input/event12 (are you in the input group?): EACCES Permission denied
[2024-04-07 20:20:54.315] [warning] Can't open /dev/input/event13 (are you in the input group?): EACCES Permission denied
[2024-04-07 20:20:54.315] [warning] Can't open /dev/input/event14 (are you in the input group?): EACCES Permission denied
[2024-04-07 20:20:54.315] [warning] Can't open /dev/input/event15 (are you in the input group?): EACCES Permission denied
[2024-04-07 20:20:54.315] [warning] Can't open /dev/input/event16 (are you in the input group?): EACCES Permission denied
[2024-04-07 20:20:54.315] [warning] Can't open /dev/input/event17 (are you in the input group?): EACCES Permission denied
[2024-04-07 20:20:54.315] [warning] Can't open /dev/input/event18 (are you in the input group?): EACCES Permission denied
[2024-04-07 20:20:54.315] [warning] Can't open /dev/input/event19 (are you in the input group?): EACCES Permission denied
[2024-04-07 20:20:54.315] [warning] Can't open /dev/input/event20 (are you in the input group?): EACCES Permission denied
[2024-04-07 20:20:54.315] [warning] Can't open /dev/input/event21 (are you in the input group?): EACCES Permission denied
[2024-04-07 20:20:54.315] [warning] Can't open /dev/input/event22 (are you in the input group?): EACCES Permission denied
[2024-04-07 20:20:54.316] [warning] module keyboard-state: Disabling module "keyboard-state", Failed to find keyboard device: EACCES Permission denied
[2024-04-07 20:20:54.316] [warning] No batteries.
[2024-04-07 20:20:54.316] [warning] No battery named BAT2
[2024-04-07 20:20:54.503] [info] Bar configured (width: 1366, height: 24) for output: HDMI-A-1

** (waybar:5124): WARNING **: 20:20:54.505: Status Notifier Item with bus name ':1.21' and object path '/org/ayatana/NotificationItem/nm_applet' is already registered

** (waybar:5124): WARNING **: 20:21:15.581: Status Notifier Item with bus name ':1.21' and object path '/org/ayatana/NotificationItem/nm_applet' is already registered
